Build started 12/16/2016 11:50:09 PM.
     1>Project "D:\pkinit\pkinit\pkinit\pkinit.vcxproj" on node 2 (build target(s)).
     1>InitializeBuildStatus:
         Touching "Debug\pkinit.unsuccessfulbuild".
       ClCompile:
         All outputs are up-to-date.
       ManifestResourceCompile:
         All outputs are up-to-date.
       Link:
         C:\Program Files (x86)\Microsoft Visual Studio 10.0\VC\bin\link.exe /ERRORREPORT:PROMPT /OUT:"D:\pkinit\pkinit\Debug\pkinit.dll" /INCREMENTAL /NOLOGO /LIBPATH:D:\pkinit\pkinit\lib\ /LIBPATH:D:\pkinit\pkinit\openssl\lib\ /LIBPATH:D:\pkinit\pkinit\dlfcn\lib\ /LIBPATH:D:\pkinit\pkinit\regex\lib\ comerr32.lib gssapi32.lib k5sprt32.lib kfwlogon.lib krb5_32.lib krbcc32.lib leashw32.lib wshelp32.lib xpprof32.lib libeay32.lib ssleay32.lib dl.lib regex.lib kernel32.lib user32.lib gdi32.lib winspool.lib comdlg32.lib advapi32.lib shell32.lib ole32.lib oleaut32.lib uuid.lib odbc32.lib odbccp32.lib /MANIFEST /ManifestFile:"Debug\pkinit.dll.intermediate.manifest" /MANIFESTUAC:"level='asInvoker' uiAccess='false'" /DEBUG /PDB:"D:\pkinit\pkinit\Debug\pkinit.pdb" /SUBSYSTEM:WINDOWS /TLBID:1 /DYNAMICBASE /NXCOMPAT /IMPLIB:"D:\pkinit\pkinit\Debug\pkinit.lib" /MACHINE:X86 /DLL Debug\pkinit.dll.embed.manifest.res
         Debug\pkinit_accessor.obj
         Debug\pkinit_clnt.obj
         Debug\pkinit_crypto_openssl.obj
         Debug\pkinit_identity.obj
         Debug\pkinit_kdf_constants.obj
         Debug\pkinit_kdf_test.obj
         Debug\pkinit_lib.obj
         Debug\pkinit_matching.obj
         Debug\pkinit_profile.obj
         Debug\pkinit_srv.obj
     1>LINK : fatal error C1007: unrecognized flag '-sdlMode' in 'p2'
     1>LINK : fatal error LNK1257: code generation failed
     1>Done Building Project "D:\pkinit\pkinit\pkinit\pkinit.vcxproj" (build target(s)) -- FAILED.

Build FAILED.

Time Elapsed 00:00:00.12
